<?xml version="1.0" encoding="UTF-8"?>
<!-- Generated by org.testng.reporters.JUnitXMLReporter -->
<testsuite ignored="0" hostname="LAPTOP-AEEAHF4V" failures="0" tests="3" name="Flipkart Testing" time="189.13" errors="0" timestamp="2022-11-25T18:21:04 IST">
  <testcase classname="com.qa.Test_Scripts.Flipkart_pages" name="searchby" time="6.614"/>
  <testcase classname="com.qa.Test_Scripts.Flipkart_product_search" name="searchby" time="6.753"/>
  <testcase classname="com.qa.Test_Scripts.Brand_click" name="searchby" time="10.303"/>
</testsuite> <!-- Flipkart Testing -->
