<?xml version="1.0" encoding="UTF-8"?>
<testng-results ignored="0" total="3" passed="3" failed="0" skipped="0">
  <reporter-output>
  </reporter-output>
  <suite started-at="2022-11-25T18:17:54 IST" name="Test Automation" finished-at="2022-11-25T18:21:03 IST" duration-ms="189130">
    <groups>
    </groups>
    <test started-at="2022-11-25T18:17:54 IST" name="Flipkart Testing" finished-at="2022-11-25T18:21:03 IST" duration-ms="189130">
      <class name="com.qa.Test_Scripts.Brand_click">
        <test-method is-config="true" signature="setUp(java.lang.String,java.lang.String)[pri:0, instance:com.qa.Test_Scripts.Brand_click@50029372]" started-at="2022-11-25T18:19:52 IST" name="setUp" finished-at="2022-11-25T18:20:43 IST" duration-ms="50171" status="PASS">
          <params>
            <param index="0">
              <value>
                <![CDATA[chrome]]>
              </value>
            </param>
            <param index="1">
              <value>
                <![CDATA[https://www.flipkart.com/]]>
              </value>
            </param>
          </params>
          <reporter-output>
          </reporter-output>
        </test-method> <!-- setUp -->
        <test-method signature="searchby(java.lang.String,java.lang.String,java.lang.String)[pri:0, instance:com.qa.Test_Scripts.Brand_click@50029372]" started-at="2022-11-25T18:20:43 IST" name="searchby" data-provider="getdata" finished-at="2022-11-25T18:20:53 IST" duration-ms="10303" status="PASS">
          <params>
            <param index="0">
              <value>
                <![CDATA[7010929031]]>
              </value>
            </param>
            <param index="1">
              <value>
                <![CDATA[flipkart2022]]>
              </value>
            </param>
            <param index="2">
              <value>
                <![CDATA[laptop]]>
              </value>
            </param>
          </params>
          <reporter-output>
          </reporter-output>
        </test-method> <!-- searchby -->
        <test-method is-config="true" signature="tearDown()[pri:0, instance:com.qa.Test_Scripts.Brand_click@50029372]" started-at="2022-11-25T18:20:53 IST" name="tearDown" finished-at="2022-11-25T18:21:03 IST" duration-ms="10075" status="PASS">
          <reporter-output>
          </reporter-output>
        </test-method> <!-- tearDown -->
      </class> <!-- com.qa.Test_Scripts.Brand_click -->
      <class name="com.qa.Test_Scripts.Flipkart_pages">
        <test-method is-config="true" signature="setUp(java.lang.String,java.lang.String)[pri:0, instance:com.qa.Test_Scripts.Flipkart_pages@3e78b6a5]" started-at="2022-11-25T18:17:55 IST" name="setUp" finished-at="2022-11-25T18:18:26 IST" duration-ms="31332" status="PASS">
          <params>
            <param index="0">
              <value>
                <![CDATA[chrome]]>
              </value>
            </param>
            <param index="1">
              <value>
                <![CDATA[https://www.flipkart.com/]]>
              </value>
            </param>
          </params>
          <reporter-output>
          </reporter-output>
        </test-method> <!-- setUp -->
        <test-method signature="searchby(java.lang.String,java.lang.String,java.lang.String)[pri:0, instance:com.qa.Test_Scripts.Flipkart_pages@3e78b6a5]" started-at="2022-11-25T18:18:27 IST" name="searchby" data-provider="getdata" finished-at="2022-11-25T18:18:34 IST" duration-ms="6614" status="PASS">
          <params>
            <param index="0">
              <value>
                <![CDATA[7010929031]]>
              </value>
            </param>
            <param index="1">
              <value>
                <![CDATA[flipkart2022]]>
              </value>
            </param>
            <param index="2">
              <value>
                <![CDATA[laptop]]>
              </value>
            </param>
          </params>
          <reporter-output>
          </reporter-output>
        </test-method> <!-- searchby -->
        <test-method is-config="true" signature="tearDown()[pri:0, instance:com.qa.Test_Scripts.Flipkart_pages@3e78b6a5]" started-at="2022-11-25T18:18:34 IST" name="tearDown" finished-at="2022-11-25T18:18:45 IST" duration-ms="10614" status="PASS">
          <reporter-output>
          </reporter-output>
        </test-method> <!-- tearDown -->
      </class> <!-- com.qa.Test_Scripts.Flipkart_pages -->
      <class name="com.qa.Test_Scripts.Flipkart_product_search">
        <test-method is-config="true" signature="setUp(java.lang.String,java.lang.String)[pri:0, instance:com.qa.Test_Scripts.Flipkart_product_search@3e2055d6]" started-at="2022-11-25T18:18:45 IST" name="setUp" finished-at="2022-11-25T18:19:35 IST" duration-ms="50187" status="PASS">
          <params>
            <param index="0">
              <value>
                <![CDATA[chrome]]>
              </value>
            </param>
            <param index="1">
              <value>
                <![CDATA[https://www.flipkart.com/]]>
              </value>
            </param>
          </params>
          <reporter-output>
          </reporter-output>
        </test-method> <!-- setUp -->
        <test-method signature="searchby(java.lang.String,java.lang.String,java.lang.String)[pri:0, instance:com.qa.Test_Scripts.Flipkart_product_search@3e2055d6]" started-at="2022-11-25T18:19:35 IST" name="searchby" data-provider="getdata" finished-at="2022-11-25T18:19:42 IST" duration-ms="6753" status="PASS">
          <params>
            <param index="0">
              <value>
                <![CDATA[7010929031]]>
              </value>
            </param>
            <param index="1">
              <value>
                <![CDATA[flipkart2022]]>
              </value>
            </param>
            <param index="2">
              <value>
                <![CDATA[laptop]]>
              </value>
            </param>
          </params>
          <reporter-output>
          </reporter-output>
        </test-method> <!-- searchby -->
        <test-method is-config="true" signature="tearDown()[pri:0, instance:com.qa.Test_Scripts.Flipkart_product_search@3e2055d6]" started-at="2022-11-25T18:19:42 IST" name="tearDown" finished-at="2022-11-25T18:19:52 IST" duration-ms="10493" status="PASS">
          <reporter-output>
          </reporter-output>
        </test-method> <!-- tearDown -->
      </class> <!-- com.qa.Test_Scripts.Flipkart_product_search -->
    </test> <!-- Flipkart Testing -->
  </suite> <!-- Test Automation -->
</testng-results>
